<?xml version="1.0" encoding="UTF-8"?>

<beans xmlns="http://www.springframework.org/schema/beans"
	xmlns:xsi="http://www.w3.org/2001/XMLSchema-instance"
	xmlns:context="http://www.springframework.org/schema/context"
	xmlns:mvc="http://www.springframework.org/schema/mvc"
	xmlns:tx="http://www.springframework.org/schema/tx"
	xmlns:p="http://www.springframework.org/schema/p"
	xsi:schemaLocation="http://www.springframework.org/schema/beans http://www.springframework.org/schema/beans/spring-beans-3.2.xsd
       http://www.springframework.org/schema/context http://www.springframework.org/schema/context/spring-context-3.2.xsd
       http://www.springframework.org/schema/mvc http://www.springframework.org/schema/mvc/spring-mvc-3.2.xsd
       http://www.springframework.org/schema/tx http://www.springframework.org/schema/tx/spring-tx-3.2.xsd">

	<tx:annotation-driven transaction-manager="transactionManager"/>

	<context:component-scan base-package="ro.bar.*" />

	<bean id="propertyConfigurer"
		class="org.springframework.beans.factory.config.PropertyPlaceholderConfigurer">

		<property name="location" value="classpath:sanymotors.properties" />
	</bean>

	 <bean id="dataSource" class="com.mchange.v2.c3p0.ComboPooledDataSource" destroy-method="close"
          p:driverClass="${datasource.driverClassName}" p:jdbcUrl="${datasource.url}"
          p:user="${datasource.user}" p:password="${datasource.password}"

          p:acquireIncrement="1" 
          p:checkoutTimeout="3000"
          p:idleConnectionTestPeriod="5"           
          p:maxIdleTime="60" 
          p:maxIdleTimeExcessConnections="1" 
          p:maxPoolSize="20" p:maxStatements="20000" p:maxStatementsPerConnection="1000" 
          p:minPoolSize="1" 
          p:numHelperThreads="10"
          p:overrideDefaultUser="${datasource.user}" p:overrideDefaultPassword="${datasource.password}"
          p:propertyCycle="3" 
          p:testConnectionOnCheckin="true"
          p:unreturnedConnectionTimeout="60" />


	<bean id="sessionFactory"
		class="org.springframework.orm.hibernate4.LocalSessionFactoryBean">
		<property name="dataSource" ref="dataSource" />
		<property name="mappingResources">
			<list>
				<value>hibernate/post.hbm.xml</value>
				<value>hibernate/image.hbm.xml</value>
				<value>hibernate/attribute.hbm.xml</value>
				<value>hibernate/category.hbm.xml</value>
			</list>
		</property>
		<property name="hibernateProperties">
			<props>
				<prop key="hibernate.dialect">${datasource.dialect}</prop>
				<prop key="hibernate.show_sql">true</prop>
				<prop key="javax.persistence.validation.mode">none</prop>
			</props>
		</property>
	</bean>
	
	<bean id="transactionManager" class="org.springframework.orm.hibernate4.HibernateTransactionManager">
        <property name="sessionFactory" ref="sessionFactory"/>
    </bean>
</beans>